(0.001) 
            SELECT name, type FROM sqlite_master
            WHERE type in ('table', 'view') AND NOT name='sqlite_sequence'
            ORDER BY name; args=None
(0.001) SELECT "django_migrations"."id", "django_migrations"."app", "django_migrations"."name", "django_migrations"."applied" FROM "django_migrations"; args=()
(0.001) 
            SELECT name, type FROM sqlite_master
            WHERE type in ('table', 'view') AND NOT name='sqlite_sequence'
            ORDER BY name; args=None
(0.002) SELECT "django_migrations"."id", "django_migrations"."app", "django_migrations"."name", "django_migrations"."applied" FROM "django_migrations"; args=()
(0.001) 
            SELECT name, type FROM sqlite_master
            WHERE type in ('table', 'view') AND NOT name='sqlite_sequence'
            ORDER BY name; args=None
(0.001) SELECT "django_migrations"."id", "django_migrations"."app", "django_migrations"."name", "django_migrations"."applied" FROM "django_migrations"; args=()
(0.001) 
            SELECT name, type FROM sqlite_master
            WHERE type in ('table', 'view') AND NOT name='sqlite_sequence'
            ORDER BY name; args=None
(0.001) SELECT "django_migrations"."id", "django_migrations"."app", "django_migrations"."name", "django_migrations"."applied" FROM "django_migrations"; args=()
(0.001) 
            SELECT name, type FROM sqlite_master
            WHERE type in ('table', 'view') AND NOT name='sqlite_sequence'
            ORDER BY name; args=None
(0.001) SELECT "django_migrations"."id", "django_migrations"."app", "django_migrations"."name", "django_migrations"."applied" FROM "django_migrations"; args=()
(0.002) SELECT (1) AS "a" FROM "account_account" WHERE "account_account"."username" = 'admin3' LIMIT 1; args=('admin3',)
(0.001) SELECT "django_session"."session_key", "django_session"."session_data", "django_session"."expire_date" FROM "django_session" WHERE ("django_session"."expire_date" > '2021-10-08 15:38:11.037876' AND "django_session"."session_key" = 'y8brc97ds6f80j4sssash55lhkawcq1b') LIMIT 21; args=('2021-10-08 15:38:11.037876', 'y8brc97ds6f80j4sssash55lhkawcq1b')
(0.001) SELECT "account_account"."id", "account_account"."password", "account_account"."last_login", "account_account"."is_superuser", "account_account"."email", "account_account"."username", "account_account"."mobile", "account_account"."is_active", "account_account"."is_staff", "account_account"."created", "account_account"."updated", "account_account"."avatar" FROM "account_account" WHERE "account_account"."id" = 1 LIMIT 21; args=(1,)
(0.003) SELECT "account_account"."id", "account_account"."password", "account_account"."last_login", "account_account"."is_superuser", "account_account"."email", "account_account"."username", "account_account"."mobile", "account_account"."is_active", "account_account"."is_staff", "account_account"."created", "account_account"."updated", "account_account"."avatar" FROM "account_account" WHERE "account_account"."username" = 'admin3' LIMIT 21; args=('admin3',)
(0.001) SELECT "account_friends"."id", "account_friends"."user_id" FROM "account_friends" WHERE "account_friends"."user_id" = 1; args=(1,)
(0.001) SELECT "account_account"."id", "account_account"."password", "account_account"."last_login", "account_account"."is_superuser", "account_account"."email", "account_account"."username", "account_account"."mobile", "account_account"."is_active", "account_account"."is_staff", "account_account"."created", "account_account"."updated", "account_account"."avatar" FROM "account_account" INNER JOIN "account_friends_friends" ON ("account_account"."id" = "account_friends_friends"."account_id") WHERE "account_friends_friends"."friends_id" = 1; args=(1,)
(0.001) SELECT "django_session"."session_key", "django_session"."session_data", "django_session"."expire_date" FROM "django_session" WHERE ("django_session"."expire_date" > '2021-10-08 15:38:11.316771' AND "django_session"."session_key" = 'y8brc97ds6f80j4sssash55lhkawcq1b') LIMIT 21; args=('2021-10-08 15:38:11.316771', 'y8brc97ds6f80j4sssash55lhkawcq1b')
(0.000) SELECT "account_account"."id", "account_account"."password", "account_account"."last_login", "account_account"."is_superuser", "account_account"."email", "account_account"."username", "account_account"."mobile", "account_account"."is_active", "account_account"."is_staff", "account_account"."created", "account_account"."updated", "account_account"."avatar" FROM "account_account" WHERE "account_account"."id" = 1 LIMIT 21; args=(1,)
(0.001) SELECT "account_account"."id", "account_account"."password", "account_account"."last_login", "account_account"."is_superuser", "account_account"."email", "account_account"."username", "account_account"."mobile", "account_account"."is_active", "account_account"."is_staff", "account_account"."created", "account_account"."updated", "account_account"."avatar" FROM "account_account" WHERE "account_account"."username" = 'admin3' LIMIT 21; args=('admin3',)
(0.001) SELECT DISTINCT (1) AS "a", "chat_chat"."id", "chat_chat"."created_at", "chat_chat"."updated_at", "chat_chat"."name", "chat_chat"."chat_type", COUNT("chat_chat_users"."account_id") AS "u_count" FROM "chat_chat" INNER JOIN "chat_chat_users" ON ("chat_chat"."id" = "chat_chat_users"."chat_id") WHERE ("chat_chat"."chat_type" = 'personal' AND "chat_chat_users"."account_id" IN (1, 2)) GROUP BY (1), "chat_chat"."id", "chat_chat"."created_at", "chat_chat"."updated_at", "chat_chat"."name", "chat_chat"."chat_type" HAVING COUNT("chat_chat_users"."account_id") = 2 LIMIT 1; args=('personal', 1, 2, 2)
(0.001) SELECT DISTINCT "chat_chat"."id", "chat_chat"."created_at", "chat_chat"."updated_at", "chat_chat"."name", "chat_chat"."chat_type", COUNT("chat_chat_users"."account_id") AS "u_count" FROM "chat_chat" INNER JOIN "chat_chat_users" ON ("chat_chat"."id" = "chat_chat_users"."chat_id") WHERE ("chat_chat"."chat_type" = 'personal' AND "chat_chat_users"."account_id" IN (1, 2)) GROUP BY "chat_chat"."id", "chat_chat"."created_at", "chat_chat"."updated_at", "chat_chat"."name", "chat_chat"."chat_type" HAVING COUNT("chat_chat_users"."account_id") = 2 ORDER BY "chat_chat"."id" ASC LIMIT 1; args=('personal', 1, 2, 2)
(0.001) SELECT "chat_chat"."id", "chat_chat"."created_at", "chat_chat"."updated_at", "chat_chat"."name", "chat_chat"."chat_type" FROM "chat_chat" WHERE "chat_chat"."id" = 3 LIMIT 21; args=(3,)
(0.001) SELECT "chat_message"."id", "chat_message"."created_at", "chat_message"."updated_at", "chat_message"."thread_id", "chat_message"."sender_id", "chat_message"."message_content", "chat_message"."is_readed" FROM "chat_message" WHERE "chat_message"."thread_id" = 3 ORDER BY "chat_message"."created_at" ASC; args=(3,)
(0.000) SELECT "account_account"."id", "account_account"."password", "account_account"."last_login", "account_account"."is_superuser", "account_account"."email", "account_account"."username", "account_account"."mobile", "account_account"."is_active", "account_account"."is_staff", "account_account"."created", "account_account"."updated", "account_account"."avatar" FROM "account_account" WHERE "account_account"."id" = 1 LIMIT 21; args=(1,)
(0.000) SELECT "account_account"."id", "account_account"."password", "account_account"."last_login", "account_account"."is_superuser", "account_account"."email", "account_account"."username", "account_account"."mobile", "account_account"."is_active", "account_account"."is_staff", "account_account"."created", "account_account"."updated", "account_account"."avatar" FROM "account_account" WHERE "account_account"."id" = 1 LIMIT 21; args=(1,)
(0.001) SELECT "django_session"."session_key", "django_session"."session_data", "django_session"."expire_date" FROM "django_session" WHERE ("django_session"."expire_date" > '2021-10-08 15:38:11.399479' AND "django_session"."session_key" = 'y8brc97ds6f80j4sssash55lhkawcq1b') LIMIT 21; args=('2021-10-08 15:38:11.399479', 'y8brc97ds6f80j4sssash55lhkawcq1b')
(0.000) SELECT "account_account"."id", "account_account"."password", "account_account"."last_login", "account_account"."is_superuser", "account_account"."email", "account_account"."username", "account_account"."mobile", "account_account"."is_active", "account_account"."is_staff", "account_account"."created", "account_account"."updated", "account_account"."avatar" FROM "account_account" WHERE "account_account"."id" = 1 LIMIT 21; args=(1,)
(0.003) SELECT (1) AS "a" FROM "account_account" WHERE "account_account"."username" = 'admin3' LIMIT 1; args=('admin3',)
(0.001) SELECT "django_session"."session_key", "django_session"."session_data", "django_session"."expire_date" FROM "django_session" WHERE ("django_session"."expire_date" > '2021-10-08 15:38:21.805699' AND "django_session"."session_key" = 'y8brc97ds6f80j4sssash55lhkawcq1b') LIMIT 21; args=('2021-10-08 15:38:21.805699', 'y8brc97ds6f80j4sssash55lhkawcq1b')
(0.002) SELECT "account_account"."id", "account_account"."password", "account_account"."last_login", "account_account"."is_superuser", "account_account"."email", "account_account"."username", "account_account"."mobile", "account_account"."is_active", "account_account"."is_staff", "account_account"."created", "account_account"."updated", "account_account"."avatar" FROM "account_account" WHERE "account_account"."id" = 1 LIMIT 21; args=(1,)
(0.004) SELECT "account_account"."id", "account_account"."password", "account_account"."last_login", "account_account"."is_superuser", "account_account"."email", "account_account"."username", "account_account"."mobile", "account_account"."is_active", "account_account"."is_staff", "account_account"."created", "account_account"."updated", "account_account"."avatar" FROM "account_account" WHERE "account_account"."username" = 'admin3' LIMIT 21; args=('admin3',)
(0.000) SELECT "account_friends"."id", "account_friends"."user_id" FROM "account_friends" WHERE "account_friends"."user_id" = 1; args=(1,)
(0.001) SELECT "account_account"."id", "account_account"."password", "account_account"."last_login", "account_account"."is_superuser", "account_account"."email", "account_account"."username", "account_account"."mobile", "account_account"."is_active", "account_account"."is_staff", "account_account"."created", "account_account"."updated", "account_account"."avatar" FROM "account_account" INNER JOIN "account_friends_friends" ON ("account_account"."id" = "account_friends_friends"."account_id") WHERE "account_friends_friends"."friends_id" = 1; args=(1,)
(0.002) SELECT "django_session"."session_key", "django_session"."session_data", "django_session"."expire_date" FROM "django_session" WHERE ("django_session"."expire_date" > '2021-10-08 15:38:22.224036' AND "django_session"."session_key" = 'y8brc97ds6f80j4sssash55lhkawcq1b') LIMIT 21; args=('2021-10-08 15:38:22.224036', 'y8brc97ds6f80j4sssash55lhkawcq1b')
(0.000) SELECT "account_account"."id", "account_account"."password", "account_account"."last_login", "account_account"."is_superuser", "account_account"."email", "account_account"."username", "account_account"."mobile", "account_account"."is_active", "account_account"."is_staff", "account_account"."created", "account_account"."updated", "account_account"."avatar" FROM "account_account" WHERE "account_account"."id" = 1 LIMIT 21; args=(1,)
(0.001) SELECT "account_account"."id", "account_account"."password", "account_account"."last_login", "account_account"."is_superuser", "account_account"."email", "account_account"."username", "account_account"."mobile", "account_account"."is_active", "account_account"."is_staff", "account_account"."created", "account_account"."updated", "account_account"."avatar" FROM "account_account" WHERE "account_account"."username" = 'admin3' LIMIT 21; args=('admin3',)
(0.002) SELECT DISTINCT (1) AS "a", "chat_chat"."id", "chat_chat"."created_at", "chat_chat"."updated_at", "chat_chat"."name", "chat_chat"."chat_type", COUNT("chat_chat_users"."account_id") AS "u_count" FROM "chat_chat" INNER JOIN "chat_chat_users" ON ("chat_chat"."id" = "chat_chat_users"."chat_id") WHERE ("chat_chat"."chat_type" = 'personal' AND "chat_chat_users"."account_id" IN (1, 2)) GROUP BY (1), "chat_chat"."id", "chat_chat"."created_at", "chat_chat"."updated_at", "chat_chat"."name", "chat_chat"."chat_type" HAVING COUNT("chat_chat_users"."account_id") = 2 LIMIT 1; args=('personal', 1, 2, 2)
(0.001) SELECT DISTINCT "chat_chat"."id", "chat_chat"."created_at", "chat_chat"."updated_at", "chat_chat"."name", "chat_chat"."chat_type", COUNT("chat_chat_users"."account_id") AS "u_count" FROM "chat_chat" INNER JOIN "chat_chat_users" ON ("chat_chat"."id" = "chat_chat_users"."chat_id") WHERE ("chat_chat"."chat_type" = 'personal' AND "chat_chat_users"."account_id" IN (1, 2)) GROUP BY "chat_chat"."id", "chat_chat"."created_at", "chat_chat"."updated_at", "chat_chat"."name", "chat_chat"."chat_type" HAVING COUNT("chat_chat_users"."account_id") = 2 ORDER BY "chat_chat"."id" ASC LIMIT 1; args=('personal', 1, 2, 2)
(0.003) SELECT "django_session"."session_key", "django_session"."session_data", "django_session"."expire_date" FROM "django_session" WHERE ("django_session"."expire_date" > '2021-10-08 15:38:22.304963' AND "django_session"."session_key" = 'y8brc97ds6f80j4sssash55lhkawcq1b') LIMIT 21; args=('2021-10-08 15:38:22.304963', 'y8brc97ds6f80j4sssash55lhkawcq1b')
(0.000) SELECT "account_account"."id", "account_account"."password", "account_account"."last_login", "account_account"."is_superuser", "account_account"."email", "account_account"."username", "account_account"."mobile", "account_account"."is_active", "account_account"."is_staff", "account_account"."created", "account_account"."updated", "account_account"."avatar" FROM "account_account" WHERE "account_account"."id" = 1 LIMIT 21; args=(1,)
(0.004) SELECT "chat_chat"."id", "chat_chat"."created_at", "chat_chat"."updated_at", "chat_chat"."name", "chat_chat"."chat_type" FROM "chat_chat" WHERE "chat_chat"."id" = 3 LIMIT 21; args=(3,)
(0.003) SELECT "chat_message"."id", "chat_message"."created_at", "chat_message"."updated_at", "chat_message"."thread_id", "chat_message"."sender_id", "chat_message"."message_content", "chat_message"."is_readed" FROM "chat_message" WHERE "chat_message"."thread_id" = 3 ORDER BY "chat_message"."created_at" ASC; args=(3,)
(0.001) SELECT "account_account"."id", "account_account"."password", "account_account"."last_login", "account_account"."is_superuser", "account_account"."email", "account_account"."username", "account_account"."mobile", "account_account"."is_active", "account_account"."is_staff", "account_account"."created", "account_account"."updated", "account_account"."avatar" FROM "account_account" WHERE "account_account"."id" = 1 LIMIT 21; args=(1,)
(0.001) SELECT "account_account"."id", "account_account"."password", "account_account"."last_login", "account_account"."is_superuser", "account_account"."email", "account_account"."username", "account_account"."mobile", "account_account"."is_active", "account_account"."is_staff", "account_account"."created", "account_account"."updated", "account_account"."avatar" FROM "account_account" WHERE "account_account"."id" = 1 LIMIT 21; args=(1,)
(0.004) SELECT "django_session"."session_key", "django_session"."session_data", "django_session"."expire_date" FROM "django_session" WHERE ("django_session"."expire_date" > '2021-10-08 15:38:43.673331' AND "django_session"."session_key" = 'y8brc97ds6f80j4sssash55lhkawcq1b') LIMIT 21; args=('2021-10-08 15:38:43.673331', 'y8brc97ds6f80j4sssash55lhkawcq1b')
(0.001) SELECT "account_account"."id", "account_account"."password", "account_account"."last_login", "account_account"."is_superuser", "account_account"."email", "account_account"."username", "account_account"."mobile", "account_account"."is_active", "account_account"."is_staff", "account_account"."created", "account_account"."updated", "account_account"."avatar" FROM "account_account" WHERE "account_account"."id" = 1 LIMIT 21; args=(1,)
(0.001) SELECT "account_friends"."id", "account_friends"."user_id" FROM "account_friends" WHERE "account_friends"."user_id" = 1; args=(1,)
(0.001) SELECT "account_account"."id", "account_account"."password", "account_account"."last_login", "account_account"."is_superuser", "account_account"."email", "account_account"."username", "account_account"."mobile", "account_account"."is_active", "account_account"."is_staff", "account_account"."created", "account_account"."updated", "account_account"."avatar" FROM "account_account" INNER JOIN "account_friends_friends" ON ("account_account"."id" = "account_friends_friends"."account_id") WHERE "account_friends_friends"."friends_id" = 1; args=(1,)
(0.001) SELECT "django_session"."session_key", "django_session"."session_data", "django_session"."expire_date" FROM "django_session" WHERE ("django_session"."expire_date" > '2021-10-08 15:38:44.004954' AND "django_session"."session_key" = 'y8brc97ds6f80j4sssash55lhkawcq1b') LIMIT 21; args=('2021-10-08 15:38:44.004954', 'y8brc97ds6f80j4sssash55lhkawcq1b')
(0.000) SELECT "account_account"."id", "account_account"."password", "account_account"."last_login", "account_account"."is_superuser", "account_account"."email", "account_account"."username", "account_account"."mobile", "account_account"."is_active", "account_account"."is_staff", "account_account"."created", "account_account"."updated", "account_account"."avatar" FROM "account_account" WHERE "account_account"."id" = 1 LIMIT 21; args=(1,)
(0.002) SELECT (1) AS "a" FROM "account_account" WHERE "account_account"."username" = 'admin2' LIMIT 1; args=('admin2',)
(0.001) SELECT "django_session"."session_key", "django_session"."session_data", "django_session"."expire_date" FROM "django_session" WHERE ("django_session"."expire_date" > '2021-10-08 15:39:03.043971' AND "django_session"."session_key" = 'y8brc97ds6f80j4sssash55lhkawcq1b') LIMIT 21; args=('2021-10-08 15:39:03.043971', 'y8brc97ds6f80j4sssash55lhkawcq1b')
(0.001) SELECT "account_account"."id", "account_account"."password", "account_account"."last_login", "account_account"."is_superuser", "account_account"."email", "account_account"."username", "account_account"."mobile", "account_account"."is_active", "account_account"."is_staff", "account_account"."created", "account_account"."updated", "account_account"."avatar" FROM "account_account" WHERE "account_account"."id" = 1 LIMIT 21; args=(1,)
(0.001) SELECT "account_account"."id", "account_account"."password", "account_account"."last_login", "account_account"."is_superuser", "account_account"."email", "account_account"."username", "account_account"."mobile", "account_account"."is_active", "account_account"."is_staff", "account_account"."created", "account_account"."updated", "account_account"."avatar" FROM "account_account" WHERE "account_account"."username" = 'admin2' LIMIT 21; args=('admin2',)
(0.003) SELECT "account_friends"."id", "account_friends"."user_id" FROM "account_friends" WHERE "account_friends"."user_id" = 1; args=(1,)
(0.001) SELECT "account_account"."id", "account_account"."password", "account_account"."last_login", "account_account"."is_superuser", "account_account"."email", "account_account"."username", "account_account"."mobile", "account_account"."is_active", "account_account"."is_staff", "account_account"."created", "account_account"."updated", "account_account"."avatar" FROM "account_account" INNER JOIN "account_friends_friends" ON ("account_account"."id" = "account_friends_friends"."account_id") WHERE "account_friends_friends"."friends_id" = 1; args=(1,)
(0.001) SELECT "django_session"."session_key", "django_session"."session_data", "django_session"."expire_date" FROM "django_session" WHERE ("django_session"."expire_date" > '2021-10-08 15:39:03.384641' AND "django_session"."session_key" = 'y8brc97ds6f80j4sssash55lhkawcq1b') LIMIT 21; args=('2021-10-08 15:39:03.384641', 'y8brc97ds6f80j4sssash55lhkawcq1b')
(0.000) SELECT "account_account"."id", "account_account"."password", "account_account"."last_login", "account_account"."is_superuser", "account_account"."email", "account_account"."username", "account_account"."mobile", "account_account"."is_active", "account_account"."is_staff", "account_account"."created", "account_account"."updated", "account_account"."avatar" FROM "account_account" WHERE "account_account"."id" = 1 LIMIT 21; args=(1,)
(0.001) SELECT "account_account"."id", "account_account"."password", "account_account"."last_login", "account_account"."is_superuser", "account_account"."email", "account_account"."username", "account_account"."mobile", "account_account"."is_active", "account_account"."is_staff", "account_account"."created", "account_account"."updated", "account_account"."avatar" FROM "account_account" WHERE "account_account"."username" = 'admin2' LIMIT 21; args=('admin2',)
(0.001) SELECT DISTINCT (1) AS "a", "chat_chat"."id", "chat_chat"."created_at", "chat_chat"."updated_at", "chat_chat"."name", "chat_chat"."chat_type", COUNT("chat_chat_users"."account_id") AS "u_count" FROM "chat_chat" INNER JOIN "chat_chat_users" ON ("chat_chat"."id" = "chat_chat_users"."chat_id") WHERE ("chat_chat"."chat_type" = 'personal' AND "chat_chat_users"."account_id" IN (1, 3)) GROUP BY (1), "chat_chat"."id", "chat_chat"."created_at", "chat_chat"."updated_at", "chat_chat"."name", "chat_chat"."chat_type" HAVING COUNT("chat_chat_users"."account_id") = 2 LIMIT 1; args=('personal', 1, 3, 2)
(0.000) SELECT DISTINCT "chat_chat"."id", "chat_chat"."created_at", "chat_chat"."updated_at", "chat_chat"."name", "chat_chat"."chat_type", COUNT("chat_chat_users"."account_id") AS "u_count" FROM "chat_chat" INNER JOIN "chat_chat_users" ON ("chat_chat"."id" = "chat_chat_users"."chat_id") WHERE ("chat_chat"."chat_type" = 'personal' AND "chat_chat_users"."account_id" IN (1, 3)) GROUP BY "chat_chat"."id", "chat_chat"."created_at", "chat_chat"."updated_at", "chat_chat"."name", "chat_chat"."chat_type" HAVING COUNT("chat_chat_users"."account_id") = 2 ORDER BY "chat_chat"."id" ASC LIMIT 1; args=('personal', 1, 3, 2)
(0.001) SELECT "chat_chat"."id", "chat_chat"."created_at", "chat_chat"."updated_at", "chat_chat"."name", "chat_chat"."chat_type" FROM "chat_chat" WHERE "chat_chat"."id" = 4 LIMIT 21; args=(4,)
(0.001) SELECT "chat_message"."id", "chat_message"."created_at", "chat_message"."updated_at", "chat_message"."thread_id", "chat_message"."sender_id", "chat_message"."message_content", "chat_message"."is_readed" FROM "chat_message" WHERE "chat_message"."thread_id" = 4 ORDER BY "chat_message"."created_at" ASC; args=(4,)
(0.001) SELECT "django_session"."session_key", "django_session"."session_data", "django_session"."expire_date" FROM "django_session" WHERE ("django_session"."expire_date" > '2021-10-08 15:39:03.433873' AND "django_session"."session_key" = 'y8brc97ds6f80j4sssash55lhkawcq1b') LIMIT 21; args=('2021-10-08 15:39:03.433873', 'y8brc97ds6f80j4sssash55lhkawcq1b')
(0.000) SELECT "account_account"."id", "account_account"."password", "account_account"."last_login", "account_account"."is_superuser", "account_account"."email", "account_account"."username", "account_account"."mobile", "account_account"."is_active", "account_account"."is_staff", "account_account"."created", "account_account"."updated", "account_account"."avatar" FROM "account_account" WHERE "account_account"."id" = 1 LIMIT 21; args=(1,)
(0.001) 
            SELECT name, type FROM sqlite_master
            WHERE type in ('table', 'view') AND NOT name='sqlite_sequence'
            ORDER BY name; args=None
(0.002) SELECT "django_migrations"."id", "django_migrations"."app", "django_migrations"."name", "django_migrations"."applied" FROM "django_migrations"; args=()
(0.001) SELECT (1) AS "a" FROM "account_account" WHERE "account_account"."username" = 'admin2' LIMIT 1; args=('admin2',)
(0.001) SELECT "django_session"."session_key", "django_session"."session_data", "django_session"."expire_date" FROM "django_session" WHERE ("django_session"."expire_date" > '2021-10-08 15:41:30.066069' AND "django_session"."session_key" = 'y8brc97ds6f80j4sssash55lhkawcq1b') LIMIT 21; args=('2021-10-08 15:41:30.066069', 'y8brc97ds6f80j4sssash55lhkawcq1b')
(0.001) SELECT "account_account"."id", "account_account"."password", "account_account"."last_login", "account_account"."is_superuser", "account_account"."email", "account_account"."username", "account_account"."mobile", "account_account"."is_active", "account_account"."is_staff", "account_account"."created", "account_account"."updated", "account_account"."avatar" FROM "account_account" WHERE "account_account"."id" = 1 LIMIT 21; args=(1,)
(0.001) SELECT "account_account"."id", "account_account"."password", "account_account"."last_login", "account_account"."is_superuser", "account_account"."email", "account_account"."username", "account_account"."mobile", "account_account"."is_active", "account_account"."is_staff", "account_account"."created", "account_account"."updated", "account_account"."avatar" FROM "account_account" WHERE "account_account"."username" = 'admin2' LIMIT 21; args=('admin2',)
(0.000) SELECT "account_friends"."id", "account_friends"."user_id" FROM "account_friends" WHERE "account_friends"."user_id" = 1; args=(1,)
(0.001) SELECT "account_account"."id", "account_account"."password", "account_account"."last_login", "account_account"."is_superuser", "account_account"."email", "account_account"."username", "account_account"."mobile", "account_account"."is_active", "account_account"."is_staff", "account_account"."created", "account_account"."updated", "account_account"."avatar" FROM "account_account" INNER JOIN "account_friends_friends" ON ("account_account"."id" = "account_friends_friends"."account_id") WHERE "account_friends_friends"."friends_id" = 1; args=(1,)
(0.001) SELECT "django_session"."session_key", "django_session"."session_data", "django_session"."expire_date" FROM "django_session" WHERE ("django_session"."expire_date" > '2021-10-08 15:41:30.459916' AND "django_session"."session_key" = 'y8brc97ds6f80j4sssash55lhkawcq1b') LIMIT 21; args=('2021-10-08 15:41:30.459916', 'y8brc97ds6f80j4sssash55lhkawcq1b')
(0.000) SELECT "account_account"."id", "account_account"."password", "account_account"."last_login", "account_account"."is_superuser", "account_account"."email", "account_account"."username", "account_account"."mobile", "account_account"."is_active", "account_account"."is_staff", "account_account"."created", "account_account"."updated", "account_account"."avatar" FROM "account_account" WHERE "account_account"."id" = 1 LIMIT 21; args=(1,)
(0.001) SELECT "account_account"."id", "account_account"."password", "account_account"."last_login", "account_account"."is_superuser", "account_account"."email", "account_account"."username", "account_account"."mobile", "account_account"."is_active", "account_account"."is_staff", "account_account"."created", "account_account"."updated", "account_account"."avatar" FROM "account_account" WHERE "account_account"."username" = 'admin2' LIMIT 21; args=('admin2',)
(0.003) SELECT DISTINCT (1) AS "a", "chat_chat"."id", "chat_chat"."created_at", "chat_chat"."updated_at", "chat_chat"."name", "chat_chat"."chat_type", COUNT("chat_chat_users"."account_id") AS "u_count" FROM "chat_chat" INNER JOIN "chat_chat_users" ON ("chat_chat"."id" = "chat_chat_users"."chat_id") WHERE ("chat_chat"."chat_type" = 'personal' AND "chat_chat_users"."account_id" IN (1, 3)) GROUP BY (1), "chat_chat"."id", "chat_chat"."created_at", "chat_chat"."updated_at", "chat_chat"."name", "chat_chat"."chat_type" HAVING COUNT("chat_chat_users"."account_id") = 2 LIMIT 1; args=('personal', 1, 3, 2)
(0.000) SELECT DISTINCT "chat_chat"."id", "chat_chat"."created_at", "chat_chat"."updated_at", "chat_chat"."name", "chat_chat"."chat_type", COUNT("chat_chat_users"."account_id") AS "u_count" FROM "chat_chat" INNER JOIN "chat_chat_users" ON ("chat_chat"."id" = "chat_chat_users"."chat_id") WHERE ("chat_chat"."chat_type" = 'personal' AND "chat_chat_users"."account_id" IN (1, 3)) GROUP BY "chat_chat"."id", "chat_chat"."created_at", "chat_chat"."updated_at", "chat_chat"."name", "chat_chat"."chat_type" HAVING COUNT("chat_chat_users"."account_id") = 2 ORDER BY "chat_chat"."id" ASC LIMIT 1; args=('personal', 1, 3, 2)
(0.001) SELECT "chat_chat"."id", "chat_chat"."created_at", "chat_chat"."updated_at", "chat_chat"."name", "chat_chat"."chat_type" FROM "chat_chat" WHERE "chat_chat"."id" = 4 LIMIT 21; args=(4,)
(0.001) SELECT "chat_message"."id", "chat_message"."created_at", "chat_message"."updated_at", "chat_message"."thread_id", "chat_message"."sender_id", "chat_message"."message_content", "chat_message"."is_readed" FROM "chat_message" WHERE "chat_message"."thread_id" = 4 ORDER BY "chat_message"."created_at" ASC; args=(4,)
(0.004) SELECT "django_session"."session_key", "django_session"."session_data", "django_session"."expire_date" FROM "django_session" WHERE ("django_session"."expire_date" > '2021-10-08 15:41:30.579814' AND "django_session"."session_key" = 'y8brc97ds6f80j4sssash55lhkawcq1b') LIMIT 21; args=('2021-10-08 15:41:30.579814', 'y8brc97ds6f80j4sssash55lhkawcq1b')
(0.001) SELECT "account_account"."id", "account_account"."password", "account_account"."last_login", "account_account"."is_superuser", "account_account"."email", "account_account"."username", "account_account"."mobile", "account_account"."is_active", "account_account"."is_staff", "account_account"."created", "account_account"."updated", "account_account"."avatar" FROM "account_account" WHERE "account_account"."id" = 1 LIMIT 21; args=(1,)
(0.001) SELECT (1) AS "a" FROM "account_account" WHERE "account_account"."username" = 'admin3' LIMIT 1; args=('admin3',)
(0.001) SELECT "django_session"."session_key", "django_session"."session_data", "django_session"."expire_date" FROM "django_session" WHERE ("django_session"."expire_date" > '2021-10-08 15:41:31.962240' AND "django_session"."session_key" = 'y8brc97ds6f80j4sssash55lhkawcq1b') LIMIT 21; args=('2021-10-08 15:41:31.962240', 'y8brc97ds6f80j4sssash55lhkawcq1b')
(0.001) SELECT "account_account"."id", "account_account"."password", "account_account"."last_login", "account_account"."is_superuser", "account_account"."email", "account_account"."username", "account_account"."mobile", "account_account"."is_active", "account_account"."is_staff", "account_account"."created", "account_account"."updated", "account_account"."avatar" FROM "account_account" WHERE "account_account"."id" = 1 LIMIT 21; args=(1,)
(0.001) SELECT "account_account"."id", "account_account"."password", "account_account"."last_login", "account_account"."is_superuser", "account_account"."email", "account_account"."username", "account_account"."mobile", "account_account"."is_active", "account_account"."is_staff", "account_account"."created", "account_account"."updated", "account_account"."avatar" FROM "account_account" WHERE "account_account"."username" = 'admin3' LIMIT 21; args=('admin3',)
(0.000) SELECT "account_friends"."id", "account_friends"."user_id" FROM "account_friends" WHERE "account_friends"."user_id" = 1; args=(1,)
(0.001) SELECT "account_account"."id", "account_account"."password", "account_account"."last_login", "account_account"."is_superuser", "account_account"."email", "account_account"."username", "account_account"."mobile", "account_account"."is_active", "account_account"."is_staff", "account_account"."created", "account_account"."updated", "account_account"."avatar" FROM "account_account" INNER JOIN "account_friends_friends" ON ("account_account"."id" = "account_friends_friends"."account_id") WHERE "account_friends_friends"."friends_id" = 1; args=(1,)
(0.001) SELECT "django_session"."session_key", "django_session"."session_data", "django_session"."expire_date" FROM "django_session" WHERE ("django_session"."expire_date" > '2021-10-08 15:41:32.198913' AND "django_session"."session_key" = 'y8brc97ds6f80j4sssash55lhkawcq1b') LIMIT 21; args=('2021-10-08 15:41:32.198913', 'y8brc97ds6f80j4sssash55lhkawcq1b')
(0.000) SELECT "account_account"."id", "account_account"."password", "account_account"."last_login", "account_account"."is_superuser", "account_account"."email", "account_account"."username", "account_account"."mobile", "account_account"."is_active", "account_account"."is_staff", "account_account"."created", "account_account"."updated", "account_account"."avatar" FROM "account_account" WHERE "account_account"."id" = 1 LIMIT 21; args=(1,)
(0.001) SELECT "account_account"."id", "account_account"."password", "account_account"."last_login", "account_account"."is_superuser", "account_account"."email", "account_account"."username", "account_account"."mobile", "account_account"."is_active", "account_account"."is_staff", "account_account"."created", "account_account"."updated", "account_account"."avatar" FROM "account_account" WHERE "account_account"."username" = 'admin3' LIMIT 21; args=('admin3',)
(0.001) SELECT DISTINCT (1) AS "a", "chat_chat"."id", "chat_chat"."created_at", "chat_chat"."updated_at", "chat_chat"."name", "chat_chat"."chat_type", COUNT("chat_chat_users"."account_id") AS "u_count" FROM "chat_chat" INNER JOIN "chat_chat_users" ON ("chat_chat"."id" = "chat_chat_users"."chat_id") WHERE ("chat_chat"."chat_type" = 'personal' AND "chat_chat_users"."account_id" IN (1, 2)) GROUP BY (1), "chat_chat"."id", "chat_chat"."created_at", "chat_chat"."updated_at", "chat_chat"."name", "chat_chat"."chat_type" HAVING COUNT("chat_chat_users"."account_id") = 2 LIMIT 1; args=('personal', 1, 2, 2)
(0.005) SELECT DISTINCT "chat_chat"."id", "chat_chat"."created_at", "chat_chat"."updated_at", "chat_chat"."name", "chat_chat"."chat_type", COUNT("chat_chat_users"."account_id") AS "u_count" FROM "chat_chat" INNER JOIN "chat_chat_users" ON ("chat_chat"."id" = "chat_chat_users"."chat_id") WHERE ("chat_chat"."chat_type" = 'personal' AND "chat_chat_users"."account_id" IN (1, 2)) GROUP BY "chat_chat"."id", "chat_chat"."created_at", "chat_chat"."updated_at", "chat_chat"."name", "chat_chat"."chat_type" HAVING COUNT("chat_chat_users"."account_id") = 2 ORDER BY "chat_chat"."id" ASC LIMIT 1; args=('personal', 1, 2, 2)
(0.001) SELECT "django_session"."session_key", "django_session"."session_data", "django_session"."expire_date" FROM "django_session" WHERE ("django_session"."expire_date" > '2021-10-08 15:41:32.250549' AND "django_session"."session_key" = 'y8brc97ds6f80j4sssash55lhkawcq1b') LIMIT 21; args=('2021-10-08 15:41:32.250549', 'y8brc97ds6f80j4sssash55lhkawcq1b')
(0.001) SELECT "account_account"."id", "account_account"."password", "account_account"."last_login", "account_account"."is_superuser", "account_account"."email", "account_account"."username", "account_account"."mobile", "account_account"."is_active", "account_account"."is_staff", "account_account"."created", "account_account"."updated", "account_account"."avatar" FROM "account_account" WHERE "account_account"."id" = 1 LIMIT 21; args=(1,)
(0.010) SELECT "chat_chat"."id", "chat_chat"."created_at", "chat_chat"."updated_at", "chat_chat"."name", "chat_chat"."chat_type" FROM "chat_chat" WHERE "chat_chat"."id" = 3 LIMIT 21; args=(3,)
(0.001) SELECT "chat_message"."id", "chat_message"."created_at", "chat_message"."updated_at", "chat_message"."thread_id", "chat_message"."sender_id", "chat_message"."message_content", "chat_message"."is_readed" FROM "chat_message" WHERE "chat_message"."thread_id" = 3 ORDER BY "chat_message"."created_at" ASC; args=(3,)
(0.000) SELECT "account_account"."id", "account_account"."password", "account_account"."last_login", "account_account"."is_superuser", "account_account"."email", "account_account"."username", "account_account"."mobile", "account_account"."is_active", "account_account"."is_staff", "account_account"."created", "account_account"."updated", "account_account"."avatar" FROM "account_account" WHERE "account_account"."id" = 1 LIMIT 21; args=(1,)
(0.000) SELECT "account_account"."id", "account_account"."password", "account_account"."last_login", "account_account"."is_superuser", "account_account"."email", "account_account"."username", "account_account"."mobile", "account_account"."is_active", "account_account"."is_staff", "account_account"."created", "account_account"."updated", "account_account"."avatar" FROM "account_account" WHERE "account_account"."id" = 1 LIMIT 21; args=(1,)
(0.001) 
            SELECT name, type FROM sqlite_master
            WHERE type in ('table', 'view') AND NOT name='sqlite_sequence'
            ORDER BY name; args=None
(0.001) SELECT "django_migrations"."id", "django_migrations"."app", "django_migrations"."name", "django_migrations"."applied" FROM "django_migrations"; args=()
(0.001) 
            SELECT name, type FROM sqlite_master
            WHERE type in ('table', 'view') AND NOT name='sqlite_sequence'
            ORDER BY name; args=None
(0.001) SELECT "django_migrations"."id", "django_migrations"."app", "django_migrations"."name", "django_migrations"."applied" FROM "django_migrations"; args=()
(0.001) 
            SELECT name, type FROM sqlite_master
            WHERE type in ('table', 'view') AND NOT name='sqlite_sequence'
            ORDER BY name; args=None
(0.001) SELECT "django_migrations"."id", "django_migrations"."app", "django_migrations"."name", "django_migrations"."applied" FROM "django_migrations"; args=()
(0.003) SELECT (1) AS "a" FROM "account_account" WHERE "account_account"."username" = 'admin3' LIMIT 1; args=('admin3',)
(0.000) SELECT "django_session"."session_key", "django_session"."session_data", "django_session"."expire_date" FROM "django_session" WHERE ("django_session"."expire_date" > '2021-10-08 15:42:26.390340' AND "django_session"."session_key" = 'y8brc97ds6f80j4sssash55lhkawcq1b') LIMIT 21; args=('2021-10-08 15:42:26.390340', 'y8brc97ds6f80j4sssash55lhkawcq1b')
(0.001) SELECT "account_account"."id", "account_account"."password", "account_account"."last_login", "account_account"."is_superuser", "account_account"."email", "account_account"."username", "account_account"."mobile", "account_account"."is_active", "account_account"."is_staff", "account_account"."created", "account_account"."updated", "account_account"."avatar" FROM "account_account" WHERE "account_account"."id" = 1 LIMIT 21; args=(1,)
(0.001) SELECT "account_account"."id", "account_account"."password", "account_account"."last_login", "account_account"."is_superuser", "account_account"."email", "account_account"."username", "account_account"."mobile", "account_account"."is_active", "account_account"."is_staff", "account_account"."created", "account_account"."updated", "account_account"."avatar" FROM "account_account" WHERE "account_account"."username" = 'admin3' LIMIT 21; args=('admin3',)
(0.000) SELECT "account_friends"."id", "account_friends"."user_id" FROM "account_friends" WHERE "account_friends"."user_id" = 1; args=(1,)
(0.001) SELECT "account_account"."id", "account_account"."password", "account_account"."last_login", "account_account"."is_superuser", "account_account"."email", "account_account"."username", "account_account"."mobile", "account_account"."is_active", "account_account"."is_staff", "account_account"."created", "account_account"."updated", "account_account"."avatar" FROM "account_account" INNER JOIN "account_friends_friends" ON ("account_account"."id" = "account_friends_friends"."account_id") WHERE "account_friends_friends"."friends_id" = 1; args=(1,)
(0.001) SELECT "django_session"."session_key", "django_session"."session_data", "django_session"."expire_date" FROM "django_session" WHERE ("django_session"."expire_date" > '2021-10-08 15:42:26.660176' AND "django_session"."session_key" = 'y8brc97ds6f80j4sssash55lhkawcq1b') LIMIT 21; args=('2021-10-08 15:42:26.660176', 'y8brc97ds6f80j4sssash55lhkawcq1b')
(0.000) SELECT "account_account"."id", "account_account"."password", "account_account"."last_login", "account_account"."is_superuser", "account_account"."email", "account_account"."username", "account_account"."mobile", "account_account"."is_active", "account_account"."is_staff", "account_account"."created", "account_account"."updated", "account_account"."avatar" FROM "account_account" WHERE "account_account"."id" = 1 LIMIT 21; args=(1,)
(0.001) SELECT "account_account"."id", "account_account"."password", "account_account"."last_login", "account_account"."is_superuser", "account_account"."email", "account_account"."username", "account_account"."mobile", "account_account"."is_active", "account_account"."is_staff", "account_account"."created", "account_account"."updated", "account_account"."avatar" FROM "account_account" WHERE "account_account"."username" = 'admin3' LIMIT 21; args=('admin3',)
(0.001) SELECT DISTINCT (1) AS "a", "chat_chat"."id", "chat_chat"."created_at", "chat_chat"."updated_at", "chat_chat"."name", "chat_chat"."chat_type", COUNT("chat_chat_users"."account_id") AS "u_count" FROM "chat_chat" INNER JOIN "chat_chat_users" ON ("chat_chat"."id" = "chat_chat_users"."chat_id") WHERE ("chat_chat"."chat_type" = 'personal' AND "chat_chat_users"."account_id" IN (1, 2)) GROUP BY (1), "chat_chat"."id", "chat_chat"."created_at", "chat_chat"."updated_at", "chat_chat"."name", "chat_chat"."chat_type" HAVING COUNT("chat_chat_users"."account_id") = 2 LIMIT 1; args=('personal', 1, 2, 2)
(0.001) SELECT DISTINCT "chat_chat"."id", "chat_chat"."created_at", "chat_chat"."updated_at", "chat_chat"."name", "chat_chat"."chat_type", COUNT("chat_chat_users"."account_id") AS "u_count" FROM "chat_chat" INNER JOIN "chat_chat_users" ON ("chat_chat"."id" = "chat_chat_users"."chat_id") WHERE ("chat_chat"."chat_type" = 'personal' AND "chat_chat_users"."account_id" IN (1, 2)) GROUP BY "chat_chat"."id", "chat_chat"."created_at", "chat_chat"."updated_at", "chat_chat"."name", "chat_chat"."chat_type" HAVING COUNT("chat_chat_users"."account_id") = 2 ORDER BY "chat_chat"."id" ASC LIMIT 1; args=('personal', 1, 2, 2)
(0.001) SELECT "chat_chat"."id", "chat_chat"."created_at", "chat_chat"."updated_at", "chat_chat"."name", "chat_chat"."chat_type" FROM "chat_chat" WHERE "chat_chat"."id" = 3 LIMIT 21; args=(3,)
(0.001) SELECT "chat_message"."id", "chat_message"."created_at", "chat_message"."updated_at", "chat_message"."thread_id", "chat_message"."sender_id", "chat_message"."message_content", "chat_message"."is_readed" FROM "chat_message" WHERE "chat_message"."thread_id" = 3 ORDER BY "chat_message"."created_at" ASC; args=(3,)
(0.005) SELECT "account_account"."id", "account_account"."password", "account_account"."last_login", "account_account"."is_superuser", "account_account"."email", "account_account"."username", "account_account"."mobile", "account_account"."is_active", "account_account"."is_staff", "account_account"."created", "account_account"."updated", "account_account"."avatar" FROM "account_account" WHERE "account_account"."id" = 1 LIMIT 21; args=(1,)
(0.000) SELECT "account_account"."id", "account_account"."password", "account_account"."last_login", "account_account"."is_superuser", "account_account"."email", "account_account"."username", "account_account"."mobile", "account_account"."is_active", "account_account"."is_staff", "account_account"."created", "account_account"."updated", "account_account"."avatar" FROM "account_account" WHERE "account_account"."id" = 1 LIMIT 21; args=(1,)
(0.001) SELECT "django_session"."session_key", "django_session"."session_data", "django_session"."expire_date" FROM "django_session" WHERE ("django_session"."expire_date" > '2021-10-08 15:42:26.733677' AND "django_session"."session_key" = 'y8brc97ds6f80j4sssash55lhkawcq1b') LIMIT 21; args=('2021-10-08 15:42:26.733677', 'y8brc97ds6f80j4sssash55lhkawcq1b')
(0.000) SELECT "account_account"."id", "account_account"."password", "account_account"."last_login", "account_account"."is_superuser", "account_account"."email", "account_account"."username", "account_account"."mobile", "account_account"."is_active", "account_account"."is_staff", "account_account"."created", "account_account"."updated", "account_account"."avatar" FROM "account_account" WHERE "account_account"."id" = 1 LIMIT 21; args=(1,)
